<?xml version="1.0" encoding="UTF-8"?>
<!-- Generated by org.testng.reporters.JUnitXMLReporter -->
<testsuite ignored="0" hostname="TXCHD-LAP-170" failures="1" tests="1" name="E Commerce Test" time="32.931" errors="0" timestamp="2021-08-24T19:56:27 IST">
  <testcase classname="mobile.Plutus_Payzapp.ECommerceTC1" name="home" time="28.536">
    <failure type="java.lang.AssertionError" message="expected [Please enter your name] but found [Please entersss your name]">
      <![CDATA[java.lang.AssertionError: expected [Please enter your name] but found [Please entersss your name]
at mobile.Plutus_Payzapp.ECommerceTC1.home(ECommerceTC1.java:50)
at java.base/java.util.ArrayList.forEach(ArrayList.java:1511)
at java.base/java.util.concurrent.FutureTask.run(FutureTask.java:264)
at java.base/java.util.concurrent.ThreadPoolExecutor.runWorker(ThreadPoolExecutor.java:1130)
at java.base/java.util.concurrent.ThreadPoolExecutor$Worker.run(ThreadPoolExecutor.java:630)
at java.base/java.lang.Thread.run(Thread.java:832)
... Removed 24 stack frames]]>
    </failure>
  </testcase> <!-- home -->
</testsuite> <!-- E Commerce Test -->
