<?xml version="1.0" encoding="UTF-8"?>
<!-- Generated by org.testng.reporters.JUnitXMLReporter -->
<testsuite ignored="0" hostname="TXCHD-LAP-170" failures="1" tests="2" name="Test" time="73.3" errors="0" timestamp="2021-08-21T16:05:53 IST">
  <testcase classname="mobile.Plutus_Payzapp.ECommerceTC1" name="home" time="45.527">
    <failure type="java.lang.AssertionError" message="expected [Please enter your name] but found [Please entersss your name]">
      <![CDATA[java.lang.AssertionError: expected [Please enter your name] but found [Please entersss your name]
at mobile.Plutus_Payzapp.ECommerceTC1.home(ECommerceTC1.java:50)
at java.base/java.util.ArrayList.forEach(ArrayList.java:1511)
... Removed 33 stack frames]]>
    </failure>
  </testcase> <!-- home -->
  <testcase classname="mobile.Plutus_Payzapp.Basic" name="saving" time="23.18"/>
</testsuite> <!-- Test -->
