<?xml version="1.0" encoding="UTF-8"?>
<testng-results skipped="0" failed="1" ignored="0" total="3" passed="2">
  <reporter-output>
  </reporter-output>
  <suite name="Suite" duration-ms="100706" started-at="2021-08-22T18:16:44 IST" finished-at="2021-08-22T18:18:24 IST">
    <groups>
    </groups>
    <test name="Test" duration-ms="100706" started-at="2021-08-22T18:16:44 IST" finished-at="2021-08-22T18:18:24 IST">
      <class name="mobile.Plutus_Payzapp.Basic">
        <test-method status="PASS" signature="saving(java.lang.String)[pri:0, instance:mobile.Plutus_Payzapp.Basic@5ed828d]" name="saving" duration-ms="25850" started-at="2021-08-22T18:17:29 IST" data-provider="InputData" finished-at="2021-08-22T18:17:54 IST">
          <params>
            <param index="0">
              <value>
                <![CDATA[hello]]>
              </value>
            </param>
          </params>
          <reporter-output>
          </reporter-output>
        </test-method> <!-- saving -->
        <test-method status="PASS" signature="saving(java.lang.String)[pri:0, instance:mobile.Plutus_Payzapp.Basic@5ed828d]" name="saving" duration-ms="30057" started-at="2021-08-22T18:17:54 IST" data-provider="InputData" finished-at="2021-08-22T18:18:24 IST">
          <params>
            <param index="0">
              <value>
                <![CDATA[@#$%]]>
              </value>
            </param>
          </params>
          <reporter-output>
          </reporter-output>
        </test-method> <!-- saving -->
      </class> <!-- mobile.Plutus_Payzapp.Basic -->
      <class name="mobile.Plutus_Payzapp.ECommerceTC1">
        <test-method status="PASS" signature="killAllNodes()[pri:0, instance:mobile.Plutus_Payzapp.ECommerceTC1@44c8afef]" name="killAllNodes" is-config="true" duration-ms="3034" started-at="2021-08-22T18:16:44 IST" finished-at="2021-08-22T18:16:47 IST">
          <reporter-output>
          </reporter-output>
        </test-method> <!-- killAllNodes -->
        <test-method status="FAIL" signature="home()[pri:0, instance:mobile.Plutus_Payzapp.ECommerceTC1@44c8afef]" name="home" duration-ms="39605" started-at="2021-08-22T18:16:47 IST" finished-at="2021-08-22T18:17:26 IST">
          <exception class="java.lang.AssertionError">
            <message>
              <![CDATA[expected [Please enter your name] but found [Please entersss your name]]]>
            </message>
            <full-stacktrace>
              <![CDATA[java.lang.AssertionError: expected [Please enter your name] but found [Please entersss your name]
at org.testng.Assert.fail(Assert.java:99)
at org.testng.Assert.failNotEquals(Assert.java:1037)
at org.testng.Assert.assertEqualsImpl(Assert.java:140)
at org.testng.Assert.assertEquals(Assert.java:122)
at org.testng.Assert.assertEquals(Assert.java:629)
at org.testng.Assert.assertEquals(Assert.java:639)
at mobile.Plutus_Payzapp.ECommerceTC1.home(ECommerceTC1.java:50)
at sun.reflect.NativeMethodAccessorImpl.invoke0(Native Method)
at sun.reflect.NativeMethodAccessorImpl.invoke(NativeMethodAccessorImpl.java:62)
at sun.reflect.DelegatingMethodAccessorImpl.invoke(DelegatingMethodAccessorImpl.java:43)
at java.lang.reflect.Method.invoke(Method.java:498)
at org.testng.internal.MethodInvocationHelper.invokeMethod(MethodInvocationHelper.java:133)
at org.testng.internal.TestInvoker.invokeMethod(TestInvoker.java:598)
at org.testng.internal.TestInvoker.invokeTestMethod(TestInvoker.java:173)
at org.testng.internal.MethodRunner.runInSequence(MethodRunner.java:46)
at org.testng.internal.TestInvoker$MethodInvocationAgent.invoke(TestInvoker.java:824)
at org.testng.internal.TestInvoker.invokeTestMethods(TestInvoker.java:146)
at org.testng.internal.TestMethodWorker.invokeTestMethods(TestMethodWorker.java:146)
at org.testng.internal.TestMethodWorker.run(TestMethodWorker.java:128)
at java.util.ArrayList.forEach(ArrayList.java:1259)
at org.testng.TestRunner.privateRun(TestRunner.java:794)
at org.testng.TestRunner.run(TestRunner.java:596)
at org.testng.SuiteRunner.runTest(SuiteRunner.java:377)
at org.testng.SuiteRunner.runSequentially(SuiteRunner.java:371)
at org.testng.SuiteRunner.privateRun(SuiteRunner.java:332)
at org.testng.SuiteRunner.run(SuiteRunner.java:276)
at org.testng.SuiteRunnerWorker.runSuite(SuiteRunnerWorker.java:53)
at org.testng.SuiteRunnerWorker.run(SuiteRunnerWorker.java:96)
at org.testng.TestNG.runSuitesSequentially(TestNG.java:1212)
at org.testng.TestNG.runSuitesLocally(TestNG.java:1134)
at org.testng.TestNG.runSuites(TestNG.java:1063)
at org.testng.TestNG.run(TestNG.java:1031)
at org.apache.maven.surefire.testng.TestNGExecutor.run(TestNGExecutor.java:284)
at org.apache.maven.surefire.testng.TestNGXmlTestSuite.execute(TestNGXmlTestSuite.java:75)
at org.apache.maven.surefire.testng.TestNGProvider.invoke(TestNGProvider.java:119)
at org.apache.maven.surefire.booter.ForkedBooter.runSuitesInProcess(ForkedBooter.java:428)
at org.apache.maven.surefire.booter.ForkedBooter.execute(ForkedBooter.java:162)
at org.apache.maven.surefire.booter.ForkedBooter.run(ForkedBooter.java:562)
at org.apache.maven.surefire.booter.ForkedBooter.main(ForkedBooter.java:548)
]]>
            </full-stacktrace>
          </exception> <!-- java.lang.AssertionError -->
          <reporter-output>
          </reporter-output>
        </test-method> <!-- home -->
      </class> <!-- mobile.Plutus_Payzapp.ECommerceTC1 -->
    </test> <!-- Test -->
  </suite> <!-- Suite -->
</testng-results>
