<?xml version="1.0" encoding="UTF-8"?>
<testng-results ignored="0" total="3" passed="2" failed="1" skipped="0">
  <reporter-output>
  </reporter-output>
  <suite started-at="2021-08-24T19:55:54 IST" name="Parallel Test Suite" finished-at="2021-08-24T19:56:50 IST" duration-ms="55822">
    <groups>
    </groups>
    <test started-at="2021-08-24T19:55:54 IST" name="E Commerce Test" finished-at="2021-08-24T19:56:27 IST" duration-ms="32931">
      <class name="mobile.Plutus_Payzapp.ECommerceTC1">
        <test-method is-config="true" signature="killAllNodes()[pri:0, instance:mobile.Plutus_Payzapp.ECommerceTC1@32502377]" started-at="2021-08-24T19:55:54 IST" name="killAllNodes" finished-at="2021-08-24T19:55:57 IST" duration-ms="3031" status="PASS">
          <reporter-output>
          </reporter-output>
        </test-method> <!-- killAllNodes -->
        <test-method signature="home()[pri:0, instance:mobile.Plutus_Payzapp.ECommerceTC1@32502377]" started-at="2021-08-24T19:55:57 IST" name="home" finished-at="2021-08-24T19:56:26 IST" duration-ms="28536" status="FAIL">
          <exception class="java.lang.AssertionError">
            <message>
              <![CDATA[expected [Please enter your name] but found [Please entersss your name]]]>
            </message>
            <full-stacktrace>
              <![CDATA[java.lang.AssertionError: expected [Please enter your name] but found [Please entersss your name]
at org.testng.Assert.fail(Assert.java:99)
at org.testng.Assert.failNotEquals(Assert.java:1037)
at org.testng.Assert.assertEqualsImpl(Assert.java:140)
at org.testng.Assert.assertEquals(Assert.java:122)
at org.testng.Assert.assertEquals(Assert.java:629)
at org.testng.Assert.assertEquals(Assert.java:639)
at mobile.Plutus_Payzapp.ECommerceTC1.home(ECommerceTC1.java:50)
at java.base/jdk.internal.reflect.NativeMethodAccessorImpl.invoke0(Native Method)
at java.base/jdk.internal.reflect.NativeMethodAccessorImpl.invoke(NativeMethodAccessorImpl.java:64)
at java.base/jdk.internal.reflect.DelegatingMethodAccessorImpl.invoke(DelegatingMethodAccessorImpl.java:43)
at java.base/java.lang.reflect.Method.invoke(Method.java:564)
at org.testng.internal.MethodInvocationHelper.invokeMethod(MethodInvocationHelper.java:133)
at org.testng.internal.TestInvoker.invokeMethod(TestInvoker.java:598)
at org.testng.internal.TestInvoker.invokeTestMethod(TestInvoker.java:173)
at org.testng.internal.MethodRunner.runInSequence(MethodRunner.java:46)
at org.testng.internal.TestInvoker$MethodInvocationAgent.invoke(TestInvoker.java:824)
at org.testng.internal.TestInvoker.invokeTestMethods(TestInvoker.java:146)
at org.testng.internal.TestMethodWorker.invokeTestMethods(TestMethodWorker.java:146)
at org.testng.internal.TestMethodWorker.run(TestMethodWorker.java:128)
at java.base/java.util.ArrayList.forEach(ArrayList.java:1511)
at org.testng.TestRunner.privateRun(TestRunner.java:794)
at org.testng.TestRunner.run(TestRunner.java:596)
at org.testng.SuiteRunner.runTest(SuiteRunner.java:377)
at org.testng.SuiteRunner.access$000(SuiteRunner.java:28)
at org.testng.SuiteRunner$SuiteWorker.run(SuiteRunner.java:418)
at org.testng.internal.thread.ThreadUtil.lambda$execute$0(ThreadUtil.java:64)
at java.base/java.util.concurrent.FutureTask.run(FutureTask.java:264)
at java.base/java.util.concurrent.ThreadPoolExecutor.runWorker(ThreadPoolExecutor.java:1130)
at java.base/java.util.concurrent.ThreadPoolExecutor$Worker.run(ThreadPoolExecutor.java:630)
at java.base/java.lang.Thread.run(Thread.java:832)
]]>
            </full-stacktrace>
          </exception> <!-- java.lang.AssertionError -->
          <reporter-output>
          </reporter-output>
        </test-method> <!-- home -->
      </class> <!-- mobile.Plutus_Payzapp.ECommerceTC1 -->
    </test> <!-- E Commerce Test -->
    <test started-at="2021-08-24T19:55:54 IST" name="API Test" finished-at="2021-08-24T19:56:50 IST" duration-ms="55822">
      <class name="mobile.Plutus_Payzapp.Basic">
        <test-method signature="saving(java.lang.String)[pri:0, instance:mobile.Plutus_Payzapp.Basic@5677323c]" started-at="2021-08-24T19:55:54 IST" name="saving" data-provider="InputData" finished-at="2021-08-24T19:56:21 IST" duration-ms="26866" status="PASS">
          <params>
            <param index="0">
              <value>
                <![CDATA[hello]]>
              </value>
            </param>
          </params>
          <reporter-output>
          </reporter-output>
        </test-method> <!-- saving -->
        <test-method signature="saving(java.lang.String)[pri:0, instance:mobile.Plutus_Payzapp.Basic@5677323c]" started-at="2021-08-24T19:56:21 IST" name="saving" data-provider="InputData" finished-at="2021-08-24T19:56:50 IST" duration-ms="28904" status="PASS">
          <params>
            <param index="0">
              <value>
                <![CDATA[@#$%]]>
              </value>
            </param>
          </params>
          <reporter-output>
          </reporter-output>
        </test-method> <!-- saving -->
      </class> <!-- mobile.Plutus_Payzapp.Basic -->
    </test> <!-- API Test -->
  </suite> <!-- Parallel Test Suite -->
</testng-results>
